<?xml version="1.0" encoding="UTF-8"?>
<!-- Generated by org.testng.reporters.JUnitReportReporter -->
<testsuite hostname="heramb-malekar" failures="0" tests="12" name="QKART_TESTNG.QKART_Tests" time="243.211" errors="0" timestamp="2023-02-21T16:41:34 IST" skipped="0">
  <testcase classname="QKART_TESTNG.QKART_Tests" name="TestCase01" time="8.374"/>
  <system-out/>
  <testcase classname="QKART_TESTNG.QKART_Tests" name="TestCase02" time="35.295"/>
  <system-out/>
  <testcase classname="QKART_TESTNG.QKART_Tests" name="TestCase03" time="8.020"/>
  <system-out/>
  <testcase classname="QKART_TESTNG.QKART_Tests" name="TestCase04" time="18.648"/>
  <system-out/>
  <testcase classname="QKART_TESTNG.QKART_Tests" name="TestCase05" time="25.988"/>
  <system-out/>
  <testcase classname="QKART_TESTNG.QKART_Tests" name="TestCase06" time="30.797"/>
  <system-out/>
  <testcase classname="QKART_TESTNG.QKART_Tests" name="TestCase07" time="24.766"/>
  <system-out/>
  <testcase classname="QKART_TESTNG.QKART_Tests" name="TestCase08" time="40.274"/>
  <system-out/>
  <testcase classname="QKART_TESTNG.QKART_Tests" name="TestCase10" time="8.109"/>
  <system-out/>
  <testcase classname="QKART_TESTNG.QKART_Tests" name="TestCase09" time="15.914"/>
  <system-out/>
  <testcase classname="QKART_TESTNG.QKART_Tests" name="TestCase11" time="2.391"/>
  <system-out/>
  <testcase classname="QKART_TESTNG.QKART_Tests" name="TestCase12" time="24.635"/>
  <system-out/>
</testsuite> <!-- QKART_TESTNG.QKART_Tests -->
